Content-Type: text/plain; charset="utf-8"
MIME-Version: 1.0
Content-Transfer-Encoding: 8bit
Subject: Interior Design Suggestions for You
From: webmaster@localhost
To: sutharmamta630@gmail.com
Date: Sat, 04 Apr 2026 11:51:10 -0000
Message-ID: <177530347024.15516.5659528835716894125@LAPTOP-66GSMKB3>


Hi Mamta Suthar,

Thanks for reaching out! 😊

Based on your request:
"kicthen desgin"

Here are some suggestions:

That's a fantastic goal! Kitchen design is one of the most exciting and impactful home projects. To give you the best advice, I need a little more information, but I can certainly get you started with a comprehensive guide to what to consider.

Let's break down the key elements of kitchen design:

---

### **1. Define Your Needs & Lifestyle (The Most Important First Step!)**

Before you look at a single cabinet, ask yourself:
*   **Who uses the kitchen?** Single person, couple, large family, children, pets?
*   **How do you use it?** Are you an avid gourmet cook, an occasional microwaver, or a big entertainer?
*   **What activities happen here?** Just cooking, or also eating, homework, working, socializing, coffee bar?
*   **Storage needs:** Do you have a lot of small appliances, dishes, dry goods? Do you need a pantry?
*   **Current pain points:** What do you dislike about your current kitchen? (e.g., not enough counter space, poor lighting, inconvenient layout)
*   **Must-haves vs. Wish-list:** What absolutely cannot be compromised, and what would be nice to have?

---

### **2. Layout & Workflow (The "Kitchen Triangle")**

The traditional "work triangle" connects the sink, refrigerator, and stove/cooktop, aiming for efficient movement between these key areas. Common layouts include:

*   **Galley Kitchen:** Two parallel countertops. Very efficient for small spaces.
*   **L-Shape:** Two walls forming an "L." Versatile, good for open-plan living.
*   **U-Shape:** Three walls forming a "U." Lots of counter and storage space, can feel enclosed.
*   **G-Shape:** A U-shape with a peninsula, adding more counter space and often a breakfast bar.
*   **Single-Wall:** All appliances and cabinets on one wall. Space-saving but less efficient triangle.
*   **Island Kitchen:** Incorporates an island into one of the above layouts. Islands add workspace, storage, and often seating, but require ample space.
*   **Open vs. Closed Concept:** Do you want your kitchen to be integrated with living areas or a separate room?

---

### **3. Aesthetics & Style**

What look and feel do you want for your kitchen?
*   **Modern/Contemporary:** Clean lines, minimalist, sleek finishes (flat-panel cabinets, stainless steel, concrete).
*   **Traditional:** Ornate details, raised-panel cabinets, classic materials (wood, granite).
*   **Farmhouse/Rustic:** Warm, cozy, natural materials, distressed finishes, vintage touches.
*   **Industrial:** Exposed brick, metal accents, concrete, raw materials.
*   **Scandinavian:** Light, airy, functional, natural wood, muted colors.
*   **Transitional:** A blend of traditional and modern.
*   **Coastal/Beach:** Light colors, natural textures, elements inspired by the sea.

**Key Design Elements:**

*   **Cabinetry:**
    *   **Door Style:** Shaker, flat-panel, raised-panel, glass fronts.
    *   **Material:** Wood (maple, oak, cherry), MDF, laminate, thermofoil.
    *   **Color:** White, grey, navy, natural wood, two-toned.
*   **Countertops:**
    *   **Quartz:** Durable, non-porous, wide range of colors/patterns.
    *   **Granite:** Natural stone, heat resistant, unique patterns.
    *   **Marble:** Luxurious, beautiful, but porous and susceptible to etching/staining.
    *   **Laminate:** Budget-friendly, variety of styles.
    *   **Butcher Block/Wood:** Warm, natural, can be sanded/refinished.
    *   **Concrete:** Industrial, customizable.
*   **Backsplash:**
    *   **Material:** Subway tile, mosaic, large format tile, natural stone, slab.
    *   **Pattern:** Herringbone, brick, chevron.
*   **Flooring:**
    *   Hardwood, engineered wood, tile (porcelain, ceramic), luxury vinyl plank (LVP), laminate.
*   **Color Palette:** Consider how colors will flow with the rest of your home.
*   **Hardware:** Knobs and pulls are like jewelry for your cabinets – they can dramatically change the look.

---

### **4. Appliances**

*   **Major Appliances:** Refrigerator, range/cooktop/oven, dishwasher, microwave.
*   **Specialty Appliances:** Wine fridge, warming drawer, pot filler, built-in coffee maker.
*   **Finishes:** Stainless steel, black stainless, panel-ready (integrated to match cabinets), custom colors.
*   **Energy Efficiency:** Look for ENERGY STAR ratings.

---

### **5. Storage Solutions**

Maximize every inch!
*   **Pantry:** Walk-in, pull-out, shallow storage.
*   **Drawers:** Deep drawers for pots/pans, shallow drawers for utensils.
*   **Corner Solutions:** Lazy Susans, Magic Corners.
*   **Specialty Storage:** Spice racks, plate dividers, pull-out trash/recycling bins, vertical storage for baking sheets.
*   **Open Shelving:** For decorative items or frequently used dishes.

---

### **6. Lighting**

Good lighting is essential for both function and ambiance.
*   **Task Lighting:** Under-cabinet lights, pendants over an island/peninsula.
*   **Ambient Lighting:** Recessed lights, central ceiling fixture.
*   **Accent Lighting:** In-cabinet lighting, toe-kick lighting.
*   **Natural Light:** Maximize windows and consider skylights.

---

### **7. Budget**

Kitchen remodels can range from minor refreshes to major overhauls.
*   **Set a realistic budget upfront.**
*   **Prioritize spending:** Where is it most important to invest? (e.g., high-quality appliances, durable countertops).
*   **Consider DIY vs. Professional:** Some tasks can be DIY to save money, but complex plumbing, electrical, or structural changes require professionals.

---

### **To help me give you more specific ideas, tell me about:**

1.  **What's your current kitchen like?** (Small, large, outdated, good bones?)
2.  **What's your estimated budget range?** (e.g., $10k-$20k for a refresh, $20k-$50k for mid-range, $50k+ for high-end remodel)
3.  **What's your preferred style?** (Modern, farmhouse, traditional, etc.)
4.  **How big is the space, or what kind of layout are you imagining?**
5.  **Are there any "must-have" features?** (e.g., an island, a large pantry, specific appliance type)
6.  **Do you have any inspiration images or Pinterest boards?**

The more details you share, the better I can tailor design ideas for your dream kitchen!

Our team will contact you shortly.

Best regards,  
Interior Design Team
            
-------------------------------------------------------------------------------
