Content-Type: multipart/alternative;
 boundary="===============4545318039120784142=="
MIME-Version: 1.0
Subject: =?utf-8?q?Booking_Received_-_We=E2=80=99ll_Contact_You_Soon?=
From: sutharmamta630@gmail.com
To: sutharmamta630@gmail.com
Date: Sun, 05 Apr 2026 14:19:05 -0000
Message-ID: <177539874553.14320.14257901912574824289@LAPTOP-66GSMKB3>

--===============4545318039120784142==
Content-Type: text/html; charset="utf-8"
MIME-Version: 1.0
Content-Transfer-Encoding: 8bit

<!DOCTYPE html>
<html>
<body style="font-family: Arial; background:#f9f9f9; padding:20px;">

    <div style="max-width:600px; margin:auto; background:white; padding:20px; border-radius:10px;">

        <h2 style="color:#b78d65;">N&amp;S</h2>

        <p>Hi Mamta Suthar,</p>

        <p>✨ Your design journey starts here!</p>

        <p>
            We’ve received your request for a 
            <b>3D</b> session.
        </p>

        <p>
            📅 Date: April 23, 2026 <br>
            ⏰ Time: 11:52 p.m.
        </p>

        <p>
            Our design expert will contact you shortly to confirm.
        </p>

        <p>
            If urgent, reach us on WhatsApp.
        </p>

        <br>

        <p>Best regards,<br><b>N&amp;S</b></p>

    </div>

</body>
</html>
--===============4545318039120784142==--

-------------------------------------------------------------------------------
